<?xml version="1.0" encoding="UTF-8"?>
<testng-results ignored="0" total="3" passed="1" failed="1" skipped="1">
  <reporter-output>
    <line>
      <![CDATA[-open browser-]]>
    </line>
    <line>
      <![CDATA[logging to app]]>
    </line>
    <line>
      <![CDATA[verifying UserID]]>
    </line>
  </reporter-output>
  <suite started-at="2022-04-28T22:26:35 IST" name="Default suite" finished-at="2022-04-28T22:26:55 IST" duration-ms="19989">
    <groups>
    </groups>
    <test started-at="2022-04-28T22:26:35 IST" name="Default test" finished-at="2022-04-28T22:26:55 IST" duration-ms="19989">
      <class name="Module1_loginTest.kitelogintest1">
        <test-method is-config="true" signature="openBrowser()[pri:0, instance:Module1_loginTest.kitelogintest1@67f639d3]" started-at="2022-04-28T22:26:35 IST" name="openBrowser" finished-at="2022-04-28T22:26:47 IST" duration-ms="11769" status="PASS">
          <reporter-output>
            <line>
              <![CDATA[-open browser-]]>
            </line>
          </reporter-output>
        </test-method> <!-- openBrowser -->
        <test-method signature="loginTOKite()[pri:-2, instance:Module1_loginTest.kitelogintest1@67f639d3]" started-at="2022-04-28T22:26:47 IST" name="loginTOKite" finished-at="2022-04-28T22:26:49 IST" duration-ms="2339" status="PASS">
          <reporter-output>
            <line>
              <![CDATA[logging to app]]>
            </line>
          </reporter-output>
        </test-method> <!-- loginTOKite -->
        <test-method signature="verifyUserId()[pri:0, instance:Module1_loginTest.kitelogintest1@67f639d3]" started-at="2022-04-28T22:26:49 IST" name="verifyUserId" finished-at="2022-04-28T22:26:55 IST" duration-ms="5821" status="FAIL">
          <exception class="org.openqa.selenium.NoSuchElementException">
            <message>
              <![CDATA[Unable to find element with locator By.xpath: //span[@class='user-id']
For documentation on this error, please visit: https://selenium.dev/exceptions/#no_such_element
Build info: version: '4.1.2', revision: '9a5a329c5a'
System info: host: 'LAPTOP-SC8SMHEO', ip: '192.168.127.227', os.name: 'Windows 10', os.arch: 'amd64', os.version: '10.0', java.version: '11.0.13'
Driver info: driver.version: RemoteWebDriver]]>
            </message>
            <full-stacktrace>
              <![CDATA[org.openqa.selenium.NoSuchElementException: Unable to find element with locator By.xpath: //span[@class='user-id']
For documentation on this error, please visit: https://selenium.dev/exceptions/#no_such_element
Build info: version: '4.1.2', revision: '9a5a329c5a'
System info: host: 'LAPTOP-SC8SMHEO', ip: '192.168.127.227', os.name: 'Windows 10', os.arch: 'amd64', os.version: '10.0', java.version: '11.0.13'
Driver info: driver.version: RemoteWebDriver
at org.openqa.selenium.remote.ElementLocation$ElementFinder$2.findElement(ElementLocation.java:165)
at org.openqa.selenium.remote.ElementLocation.findElement(ElementLocation.java:60)
at org.openqa.selenium.remote.RemoteWebDriver.findElement(RemoteWebDriver.java:382)
at org.openqa.selenium.remote.RemoteWebDriver.findElement(RemoteWebDriver.java:374)
at org.openqa.selenium.support.pagefactory.DefaultElementLocator.findElement(DefaultElementLocator.java:70)
at org.openqa.selenium.support.pagefactory.internal.LocatingElementHandler.invoke(LocatingElementHandler.java:39)
at com.sun.proxy.$Proxy15.getText(Unknown Source)
at Module1_login.KitelHomePage_1.getKiteHomePageUserID(KitelHomePage_1.java:49)
at Module1_loginTest.kitelogintest1.verifyUserId(kitelogintest1.java:71)
at java.base/jdk.internal.reflect.NativeMethodAccessorImpl.invoke0(Native Method)
at java.base/jdk.internal.reflect.NativeMethodAccessorImpl.invoke(NativeMethodAccessorImpl.java:62)
at java.base/jdk.internal.reflect.DelegatingMethodAccessorImpl.invoke(DelegatingMethodAccessorImpl.java:43)
at java.base/java.lang.reflect.Method.invoke(Method.java:566)
at org.testng.internal.MethodInvocationHelper.invokeMethod(MethodInvocationHelper.java:133)
at org.testng.internal.TestInvoker.invokeMethod(TestInvoker.java:598)
at org.testng.internal.TestInvoker.invokeTestMethod(TestInvoker.java:173)
at org.testng.internal.MethodRunner.runInSequence(MethodRunner.java:46)
at org.testng.internal.TestInvoker$MethodInvocationAgent.invoke(TestInvoker.java:824)
at org.testng.internal.TestInvoker.invokeTestMethods(TestInvoker.java:146)
at org.testng.internal.TestMethodWorker.invokeTestMethods(TestMethodWorker.java:146)
at org.testng.internal.TestMethodWorker.run(TestMethodWorker.java:128)
at java.base/java.util.ArrayList.forEach(ArrayList.java:1541)
at org.testng.TestRunner.privateRun(TestRunner.java:794)
at org.testng.TestRunner.run(TestRunner.java:596)
at org.testng.SuiteRunner.runTest(SuiteRunner.java:377)
at org.testng.SuiteRunner.runSequentially(SuiteRunner.java:371)
at org.testng.SuiteRunner.privateRun(SuiteRunner.java:332)
at org.testng.SuiteRunner.run(SuiteRunner.java:276)
at org.testng.SuiteRunnerWorker.runSuite(SuiteRunnerWorker.java:53)
at org.testng.SuiteRunnerWorker.run(SuiteRunnerWorker.java:96)
at org.testng.TestNG.runSuitesSequentially(TestNG.java:1212)
at org.testng.TestNG.runSuitesLocally(TestNG.java:1134)
at org.testng.TestNG.runSuites(TestNG.java:1063)
at org.testng.TestNG.run(TestNG.java:1031)
at org.testng.remote.AbstractRemoteTestNG.run(AbstractRemoteTestNG.java:115)
at org.testng.remote.RemoteTestNG.initAndRun(RemoteTestNG.java:251)
at org.testng.remote.RemoteTestNG.main(RemoteTestNG.java:77)
]]>
            </full-stacktrace>
          </exception> <!-- org.openqa.selenium.NoSuchElementException -->
          <reporter-output>
            <line>
              <![CDATA[verifying UserID]]>
            </line>
          </reporter-output>
        </test-method> <!-- verifyUserId -->
        <test-method signature="verifyusername()[pri:0, instance:Module1_loginTest.kitelogintest1@67f639d3]" started-at="2022-04-28T22:26:55 IST" name="verifyusername" finished-at="2022-04-28T22:26:55 IST" depends-on-methods="Module1_loginTest.kitelogintest1.verifyUserId" duration-ms="0" status="SKIP">
          <exception class="java.lang.Throwable">
            <message>
              <![CDATA[Method kitelogintest1.verifyusername()[pri:0, instance:Module1_loginTest.kitelogintest1@67f639d3] depends on not successfully finished methods]]>
            </message>
            <full-stacktrace>
              <![CDATA[java.lang.Throwable: Method kitelogintest1.verifyusername()[pri:0, instance:Module1_loginTest.kitelogintest1@67f639d3] depends on not successfully finished methods
at org.testng.internal.TestInvoker.invokeTestMethods(TestInvoker.java:102)
at org.testng.internal.TestMethodWorker.invokeTestMethods(TestMethodWorker.java:146)
at org.testng.internal.TestMethodWorker.run(TestMethodWorker.java:128)
at java.base/java.util.ArrayList.forEach(ArrayList.java:1541)
at org.testng.TestRunner.privateRun(TestRunner.java:794)
at org.testng.TestRunner.run(TestRunner.java:596)
at org.testng.SuiteRunner.runTest(SuiteRunner.java:377)
at org.testng.SuiteRunner.runSequentially(SuiteRunner.java:371)
at org.testng.SuiteRunner.privateRun(SuiteRunner.java:332)
at org.testng.SuiteRunner.run(SuiteRunner.java:276)
at org.testng.SuiteRunnerWorker.runSuite(SuiteRunnerWorker.java:53)
at org.testng.SuiteRunnerWorker.run(SuiteRunnerWorker.java:96)
at org.testng.TestNG.runSuitesSequentially(TestNG.java:1212)
at org.testng.TestNG.runSuitesLocally(TestNG.java:1134)
at org.testng.TestNG.runSuites(TestNG.java:1063)
at org.testng.TestNG.run(TestNG.java:1031)
at org.testng.remote.AbstractRemoteTestNG.run(AbstractRemoteTestNG.java:115)
at org.testng.remote.RemoteTestNG.initAndRun(RemoteTestNG.java:251)
at org.testng.remote.RemoteTestNG.main(RemoteTestNG.java:77)
]]>
            </full-stacktrace>
          </exception> <!-- java.lang.Throwable -->
          <reporter-output>
          </reporter-output>
        </test-method> <!-- verifyusername -->
      </class> <!-- Module1_loginTest.kitelogintest1 -->
    </test> <!-- Default test -->
  </suite> <!-- Default suite -->
</testng-results>
